h:\capstone\isleofluna(editable)\archonengine\debug\archonengine.pdb
h:\capstone\isleofluna(editable)\archonengine\debug\archonengine.idb
h:\capstone\isleofluna(editable)\archonengine\debug\vmath.obj
h:\capstone\isleofluna(editable)\archonengine\debug\system.obj
h:\capstone\isleofluna(editable)\archonengine\debug\inputsystem.obj
h:\capstone\isleofluna(editable)\archonengine\debug\systemmanager.obj
h:\capstone\isleofluna(editable)\archonengine\debug\scene.obj
h:\capstone\isleofluna(editable)\archonengine\debug\model.obj
h:\capstone\isleofluna(editable)\archonengine\debug\mesh.obj
h:\capstone\isleofluna(editable)\archonengine\debug\manager.obj
h:\capstone\isleofluna(editable)\archonengine\debug\shaderhandler.obj
h:\capstone\isleofluna(editable)\archonengine\debug\window.obj
h:\capstone\isleofluna(editable)\archonengine\debug\gameobject.obj
h:\capstone\isleofluna(editable)\archonengine\debug\timer.obj
h:\capstone\isleofluna(editable)\archonengine\debug\debug.obj
h:\capstone\isleofluna(editable)\archonengine\debug\archonengine.obj
h:\capstone\isleofluna(editable)\archonengine\debug\audiosystem.obj
h:\capstone\isleofluna(editable)\archonengine\debug\mmath.obj
h:\capstone\isleofluna(editable)\archonengine\debug\camera.obj
h:\capstone\isleofluna(editable)\debug\archonengine.lib
h:\capstone\isleofluna(editable)\debug\archonengine.pdb
h:\capstone\isleofluna(editable)\archonengine\debug\archonengine.tlog\cl.command.1.tlog
h:\capstone\isleofluna(editable)\archonengine\debug\archonengine.tlog\cl.read.1.tlog
h:\capstone\isleofluna(editable)\archonengine\debug\archonengine.tlog\cl.write.1.tlog
h:\capstone\isleofluna(editable)\archonengine\debug\archonengine.tlog\lib-link.read.1.tlog
h:\capstone\isleofluna(editable)\archonengine\debug\archonengine.tlog\lib-link.write.1.tlog
h:\capstone\isleofluna(editable)\archonengine\debug\archonengine.tlog\lib.command.1.tlog
