  ArchonEngine.cpp
  Note: including file: h:\capstone\isleofluna(editable)\archonengine\core\ArchonEngine.h
  Note: including file:  H:\Capstone\IsleOfLuna(editable)\SDK_Source\SDL\include\SDL.h
  Note: including file:   h:\capstone\isleofluna(editable)\sdk_source\sdl\include\SDL_main.h
  Note: including file:    h:\capstone\isleofluna(editable)\sdk_source\sdl\include\SDL_stdinc.h
  Note: including file:     h:\capstone\isleofluna(editable)\sdk_source\sdl\include\SDL_config.h
  Note: including file:      h:\capstone\isleofluna(editable)\sdk_source\sdl\include\SDL_platform.h
  Note: including file:       C:\Program Files (x86)\Windows Kits\10\Include\10.0.17134.0\shared\winapifamily.h
  Note: including file:        C:\Program Files (x86)\Windows Kits\10\Include\10.0.17134.0\shared\winpackagefamily.h
  Note: including file:       h:\capstone\isleofluna(editable)\sdk_source\sdl\include\begin_code.h
  Note: including file:       h:\capstone\isleofluna(editable)\sdk_source\sdl\include\close_code.h
  Note: including file:     C:\Program Files (x86)\Windows Kits\10\Include\10.0.17134.0\ucrt\stddef.h
  Note: including file:      C:\Program Files (x86)\Windows Kits\10\Include\10.0.17134.0\ucrt\corecrt.h
  Note: including file:       C:\Program Files (x86)\Microsoft Visual Studio\2017\Community\VC\Tools\MSVC\14.15.26726\include\vcruntime.h
  Note: including file:        C:\Program Files (x86)\Microsoft Visual Studio\2017\Community\VC\Tools\MSVC\14.15.26726\include\sal.h
  Note: including file:         C:\Program Files (x86)\Microsoft Visual Studio\2017\Community\VC\Tools\MSVC\14.15.26726\include\concurrencysal.h
  Note: including file:        C:\Program Files (x86)\Microsoft Visual Studio\2017\Community\VC\Tools\MSVC\14.15.26726\include\vadefs.h
  Note: including file:     C:\Program Files (x86)\Microsoft Visual Studio\2017\Community\VC\Tools\MSVC\14.15.26726\include\stdarg.h
  Note: including file:     h:\capstone\isleofluna(editable)\sdk_source\sdl\include\begin_code.h
  Note: including file:     h:\capstone\isleofluna(editable)\sdk_source\sdl\include\close_code.h
  Note: including file:    h:\capstone\isleofluna(editable)\sdk_source\sdl\include\begin_code.h
  Note: including file:    h:\capstone\isleofluna(editable)\sdk_source\sdl\include\close_code.h
  Note: including file:   h:\capstone\isleofluna(editable)\sdk_source\sdl\include\SDL_assert.h
  Note: including file:    h:\capstone\isleofluna(editable)\sdk_source\sdl\include\begin_code.h
  Note: including file:    h:\capstone\isleofluna(editable)\sdk_source\sdl\include\close_code.h
  Note: including file:   h:\capstone\isleofluna(editable)\sdk_source\sdl\include\SDL_atomic.h
  Note: including file:    h:\capstone\isleofluna(editable)\sdk_source\sdl\include\begin_code.h
  Note: including file:    h:\capstone\isleofluna(editable)\sdk_source\sdl\include\close_code.h
  Note: including file:   h:\capstone\isleofluna(editable)\sdk_source\sdl\include\SDL_audio.h
  Note: including file:    h:\capstone\isleofluna(editable)\sdk_source\sdl\include\SDL_error.h
  Note: including file:     h:\capstone\isleofluna(editable)\sdk_source\sdl\include\begin_code.h
  Note: including file:     h:\capstone\isleofluna(editable)\sdk_source\sdl\include\close_code.h
  Note: including file:    h:\capstone\isleofluna(editable)\sdk_source\sdl\include\SDL_endian.h
  Note: including file:     h:\capstone\isleofluna(editable)\sdk_source\sdl\include\begin_code.h
  Note: including file:     h:\capstone\isleofluna(editable)\sdk_source\sdl\include\close_code.h
  Note: including file:    h:\capstone\isleofluna(editable)\sdk_source\sdl\include\SDL_mutex.h
  Note: including file:     h:\capstone\isleofluna(editable)\sdk_source\sdl\include\begin_code.h
  Note: including file:     h:\capstone\isleofluna(editable)\sdk_source\sdl\include\close_code.h
  Note: including file:    h:\capstone\isleofluna(editable)\sdk_source\sdl\include\SDL_thread.h
  Note: including file:     h:\capstone\isleofluna(editable)\sdk_source\sdl\include\begin_code.h
  Note: including file:     C:\Program Files (x86)\Windows Kits\10\Include\10.0.17134.0\ucrt\process.h
  Note: including file:      C:\Program Files (x86)\Windows Kits\10\Include\10.0.17134.0\ucrt\corecrt_startup.h
  Note: including file:       C:\Program Files (x86)\Windows Kits\10\Include\10.0.17134.0\ucrt\math.h
  Note: including file:        C:\Program Files (x86)\Windows Kits\10\Include\10.0.17134.0\ucrt\corecrt_math.h
  Note: including file:       C:\Program Files (x86)\Microsoft Visual Studio\2017\Community\VC\Tools\MSVC\14.15.26726\include\vcruntime_startup.h
  Note: including file:      C:\Program Files (x86)\Windows Kits\10\Include\10.0.17134.0\ucrt\corecrt_wprocess.h
  Note: including file:     h:\capstone\isleofluna(editable)\sdk_source\sdl\include\close_code.h
  Note: including file:    h:\capstone\isleofluna(editable)\sdk_source\sdl\include\SDL_rwops.h
  Note: including file:     h:\capstone\isleofluna(editable)\sdk_source\sdl\include\begin_code.h
  Note: including file:     h:\capstone\isleofluna(editable)\sdk_source\sdl\include\close_code.h
  Note: including file:    h:\capstone\isleofluna(editable)\sdk_source\sdl\include\begin_code.h
  Note: including file:    h:\capstone\isleofluna(editable)\sdk_source\sdl\include\close_code.h
  Note: including file:   h:\capstone\isleofluna(editable)\sdk_source\sdl\include\SDL_clipboard.h
  Note: including file:    h:\capstone\isleofluna(editable)\sdk_source\sdl\include\begin_code.h
  Note: including file:    h:\capstone\isleofluna(editable)\sdk_source\sdl\include\close_code.h
  Note: including file:   h:\capstone\isleofluna(editable)\sdk_source\sdl\include\SDL_cpuinfo.h
  Note: including file:    C:\Program Files (x86)\Microsoft Visual Studio\2017\Community\VC\Tools\MSVC\14.15.26726\include\intrin.h
  Note: including file:     C:\Program Files (x86)\Microsoft Visual Studio\2017\Community\VC\Tools\MSVC\14.15.26726\include\intrin0.h
  Note: including file:     C:\Program Files (x86)\Microsoft Visual Studio\2017\Community\VC\Tools\MSVC\14.15.26726\include\setjmp.h
  Note: including file:     C:\Program Files (x86)\Microsoft Visual Studio\2017\Community\VC\Tools\MSVC\14.15.26726\include\immintrin.h
  Note: including file:      C:\Program Files (x86)\Microsoft Visual Studio\2017\Community\VC\Tools\MSVC\14.15.26726\include\wmmintrin.h
  Note: including file:       C:\Program Files (x86)\Microsoft Visual Studio\2017\Community\VC\Tools\MSVC\14.15.26726\include\nmmintrin.h
  Note: including file:        C:\Program Files (x86)\Microsoft Visual Studio\2017\Community\VC\Tools\MSVC\14.15.26726\include\smmintrin.h
  Note: including file:         C:\Program Files (x86)\Microsoft Visual Studio\2017\Community\VC\Tools\MSVC\14.15.26726\include\tmmintrin.h
  Note: including file:          C:\Program Files (x86)\Microsoft Visual Studio\2017\Community\VC\Tools\MSVC\14.15.26726\include\pmmintrin.h
  Note: including file:           C:\Program Files (x86)\Microsoft Visual Studio\2017\Community\VC\Tools\MSVC\14.15.26726\include\emmintrin.h
  Note: including file:            C:\Program Files (x86)\Microsoft Visual Studio\2017\Community\VC\Tools\MSVC\14.15.26726\include\xmmintrin.h
  Note: including file:             C:\Program Files (x86)\Microsoft Visual Studio\2017\Community\VC\Tools\MSVC\14.15.26726\include\mmintrin.h
  Note: including file:             C:\Program Files (x86)\Windows Kits\10\Include\10.0.17134.0\ucrt\malloc.h
  Note: including file:              C:\Program Files (x86)\Windows Kits\10\Include\10.0.17134.0\ucrt\corecrt_malloc.h
  Note: including file:      C:\Program Files (x86)\Microsoft Visual Studio\2017\Community\VC\Tools\MSVC\14.15.26726\include\zmmintrin.h
  Note: including file:     C:\Program Files (x86)\Microsoft Visual Studio\2017\Community\VC\Tools\MSVC\14.15.26726\include\ammintrin.h
  Note: including file:     C:\Program Files (x86)\Microsoft Visual Studio\2017\Community\VC\Tools\MSVC\14.15.26726\include\mm3dnow.h
  Note: including file:    h:\capstone\isleofluna(editable)\sdk_source\sdl\include\begin_code.h
  Note: including file:    h:\capstone\isleofluna(editable)\sdk_source\sdl\include\close_code.h
  Note: including file:   h:\capstone\isleofluna(editable)\sdk_source\sdl\include\SDL_events.h
  Note: including file:    h:\capstone\isleofluna(editable)\sdk_source\sdl\include\SDL_video.h
  Note: including file:     h:\capstone\isleofluna(editable)\sdk_source\sdl\include\SDL_pixels.h
  Note: including file:      h:\capstone\isleofluna(editable)\sdk_source\sdl\include\begin_code.h
  Note: including file:      h:\capstone\isleofluna(editable)\sdk_source\sdl\include\close_code.h
  Note: including file:     h:\capstone\isleofluna(editable)\sdk_source\sdl\include\SDL_rect.h
  Note: including file:      h:\capstone\isleofluna(editable)\sdk_source\sdl\include\begin_code.h
  Note: including file:      h:\capstone\isleofluna(editable)\sdk_source\sdl\include\close_code.h
  Note: including file:     h:\capstone\isleofluna(editable)\sdk_source\sdl\include\SDL_surface.h
  Note: including file:      h:\capstone\isleofluna(editable)\sdk_source\sdl\include\SDL_blendmode.h
  Note: including file:       h:\capstone\isleofluna(editable)\sdk_source\sdl\include\begin_code.h
  Note: including file:       h:\capstone\isleofluna(editable)\sdk_source\sdl\include\close_code.h
  Note: including file:      h:\capstone\isleofluna(editable)\sdk_source\sdl\include\begin_code.h
  Note: including file:      h:\capstone\isleofluna(editable)\sdk_source\sdl\include\close_code.h
  Note: including file:     h:\capstone\isleofluna(editable)\sdk_source\sdl\include\begin_code.h
  Note: including file:     h:\capstone\isleofluna(editable)\sdk_source\sdl\include\close_code.h
  Note: including file:    h:\capstone\isleofluna(editable)\sdk_source\sdl\include\SDL_keyboard.h
  Note: including file:     h:\capstone\isleofluna(editable)\sdk_source\sdl\include\SDL_keycode.h
  Note: including file:      h:\capstone\isleofluna(editable)\sdk_source\sdl\include\SDL_scancode.h
  Note: including file:     h:\capstone\isleofluna(editable)\sdk_source\sdl\include\begin_code.h
  Note: including file:     h:\capstone\isleofluna(editable)\sdk_source\sdl\include\close_code.h
  Note: including file:    h:\capstone\isleofluna(editable)\sdk_source\sdl\include\SDL_mouse.h
  Note: including file:     h:\capstone\isleofluna(editable)\sdk_source\sdl\include\begin_code.h
  Note: including file:     h:\capstone\isleofluna(editable)\sdk_source\sdl\include\close_code.h
  Note: including file:    h:\capstone\isleofluna(editable)\sdk_source\sdl\include\SDL_joystick.h
  Note: including file:     h:\capstone\isleofluna(editable)\sdk_source\sdl\include\begin_code.h
  Note: including file:     h:\capstone\isleofluna(editable)\sdk_source\sdl\include\close_code.h
  Note: including file:    h:\capstone\isleofluna(editable)\sdk_source\sdl\include\SDL_gamecontroller.h
  Note: including file:     h:\capstone\isleofluna(editable)\sdk_source\sdl\include\begin_code.h
  Note: including file:     h:\capstone\isleofluna(editable)\sdk_source\sdl\include\close_code.h
  Note: including file:    h:\capstone\isleofluna(editable)\sdk_source\sdl\include\SDL_quit.h
  Note: including file:    h:\capstone\isleofluna(editable)\sdk_source\sdl\include\SDL_gesture.h
  Note: including file:     h:\capstone\isleofluna(editable)\sdk_source\sdl\include\SDL_touch.h
  Note: including file:      h:\capstone\isleofluna(editable)\sdk_source\sdl\include\begin_code.h
  Note: including file:      h:\capstone\isleofluna(editable)\sdk_source\sdl\include\close_code.h
  Note: including file:     h:\capstone\isleofluna(editable)\sdk_source\sdl\include\begin_code.h
  Note: including file:     h:\capstone\isleofluna(editable)\sdk_source\sdl\include\close_code.h
  Note: including file:    h:\capstone\isleofluna(editable)\sdk_source\sdl\include\begin_code.h
  Note: including file:    h:\capstone\isleofluna(editable)\sdk_source\sdl\include\close_code.h
  Note: including file:   h:\capstone\isleofluna(editable)\sdk_source\sdl\include\SDL_filesystem.h
  Note: including file:    h:\capstone\isleofluna(editable)\sdk_source\sdl\include\begin_code.h
  Note: including file:    h:\capstone\isleofluna(editable)\sdk_source\sdl\include\close_code.h
  Note: including file:   h:\capstone\isleofluna(editable)\sdk_source\sdl\include\SDL_haptic.h
  Note: including file:    h:\capstone\isleofluna(editable)\sdk_source\sdl\include\begin_code.h
  Note: including file:    h:\capstone\isleofluna(editable)\sdk_source\sdl\include\close_code.h
  Note: including file:   h:\capstone\isleofluna(editable)\sdk_source\sdl\include\SDL_hints.h
  Note: including file:    h:\capstone\isleofluna(editable)\sdk_source\sdl\include\begin_code.h
  Note: including file:    h:\capstone\isleofluna(editable)\sdk_source\sdl\include\close_code.h
  Note: including file:   h:\capstone\isleofluna(editable)\sdk_source\sdl\include\SDL_loadso.h
  Note: including file:    h:\capstone\isleofluna(editable)\sdk_source\sdl\include\begin_code.h
  Note: including file:    h:\capstone\isleofluna(editable)\sdk_source\sdl\include\close_code.h
  Note: including file:   h:\capstone\isleofluna(editable)\sdk_source\sdl\include\SDL_log.h
  Note: including file:    h:\capstone\isleofluna(editable)\sdk_source\sdl\include\begin_code.h
  Note: including file:    h:\capstone\isleofluna(editable)\sdk_source\sdl\include\close_code.h
  Note: including file:   h:\capstone\isleofluna(editable)\sdk_source\sdl\include\SDL_messagebox.h
  Note: including file:    h:\capstone\isleofluna(editable)\sdk_source\sdl\include\begin_code.h
  Note: including file:    h:\capstone\isleofluna(editable)\sdk_source\sdl\include\close_code.h
  Note: including file:   h:\capstone\isleofluna(editable)\sdk_source\sdl\include\SDL_power.h
  Note: including file:    h:\capstone\isleofluna(editable)\sdk_source\sdl\include\begin_code.h
  Note: including file:    h:\capstone\isleofluna(editable)\sdk_source\sdl\include\close_code.h
  Note: including file:   h:\capstone\isleofluna(editable)\sdk_source\sdl\include\SDL_render.h
  Note: including file:    h:\capstone\isleofluna(editable)\sdk_source\sdl\include\begin_code.h
  Note: including file:    h:\capstone\isleofluna(editable)\sdk_source\sdl\include\close_code.h
  Note: including file:   h:\capstone\isleofluna(editable)\sdk_source\sdl\include\SDL_shape.h
  Note: including file:    h:\capstone\isleofluna(editable)\sdk_source\sdl\include\begin_code.h
  Note: including file:    h:\capstone\isleofluna(editable)\sdk_source\sdl\include\close_code.h
  Note: including file:   h:\capstone\isleofluna(editable)\sdk_source\sdl\include\SDL_system.h
  Note: including file:    h:\capstone\isleofluna(editable)\sdk_source\sdl\include\begin_code.h
  Note: including file:    h:\capstone\isleofluna(editable)\sdk_source\sdl\include\close_code.h
  Note: including file:   h:\capstone\isleofluna(editable)\sdk_source\sdl\include\SDL_timer.h
  Note: including file:    h:\capstone\isleofluna(editable)\sdk_source\sdl\include\begin_code.h
  Note: including file:    h:\capstone\isleofluna(editable)\sdk_source\sdl\include\close_code.h
  Note: including file:   h:\capstone\isleofluna(editable)\sdk_source\sdl\include\SDL_version.h
  Note: including file:    h:\capstone\isleofluna(editable)\sdk_source\sdl\include\begin_code.h
  Note: including file:    h:\capstone\isleofluna(editable)\sdk_source\sdl\include\close_code.h
  Note: including file:   h:\capstone\isleofluna(editable)\sdk_source\sdl\include\begin_code.h
  Note: including file:   h:\capstone\isleofluna(editable)\sdk_source\sdl\include\close_code.h
  Note: including file:  h:\capstone\isleofluna(editable)\archonengine\core\../Systems/Window.h
  Note: including file:   H:\Capstone\IsleOfLuna(editable)\SDK_Source\OpenGL\include\glew.h
  Note: including file:    C:\Program Files (x86)\Windows Kits\10\Include\10.0.17134.0\um\GL/glu.h
  Note: including file:     C:\Program Files (x86)\Windows Kits\10\Include\10.0.17134.0\um\GL/gl.h
  Note: including file:   H:\Capstone\IsleOfLuna(editable)\SDK_Source\SDL\include\SDL_opengl.h
  Note: including file:   h:\capstone\isleofluna(editable)\archonengine\systems\../Core/Debug.h
  Note: including file:    C:\Program Files (x86)\Microsoft Visual Studio\2017\Community\VC\Tools\MSVC\14.15.26726\include\iostream
  Note: including file:     C:\Program Files (x86)\Microsoft Visual Studio\2017\Community\VC\Tools\MSVC\14.15.26726\include\istream
  Note: including file:      C:\Program Files (x86)\Microsoft Visual Studio\2017\Community\VC\Tools\MSVC\14.15.26726\include\ostream
  Note: including file:       C:\Program Files (x86)\Microsoft Visual Studio\2017\Community\VC\Tools\MSVC\14.15.26726\include\ios
  Note: including file:        C:\Program Files (x86)\Microsoft Visual Studio\2017\Community\VC\Tools\MSVC\14.15.26726\include\xlocnum
  Note: including file:         C:\Program Files (x86)\Microsoft Visual Studio\2017\Community\VC\Tools\MSVC\14.15.26726\include\climits
  Note: including file:          C:\Program Files (x86)\Microsoft Visual Studio\2017\Community\VC\Tools\MSVC\14.15.26726\include\yvals.h
  Note: including file:           C:\Program Files (x86)\Microsoft Visual Studio\2017\Community\VC\Tools\MSVC\14.15.26726\include\yvals_core.h
  Note: including file:            C:\Program Files (x86)\Microsoft Visual Studio\2017\Community\VC\Tools\MSVC\14.15.26726\include\xkeycheck.h
  Note: including file:            C:\Program Files (x86)\Microsoft Visual Studio\2017\Community\VC\Tools\MSVC\14.15.26726\include\crtdefs.h
  Note: including file:           C:\Program Files (x86)\Windows Kits\10\Include\10.0.17134.0\ucrt\crtdbg.h
  Note: including file:            C:\Program Files (x86)\Microsoft Visual Studio\2017\Community\VC\Tools\MSVC\14.15.26726\include\vcruntime_new_debug.h
  Note: including file:             C:\Program Files (x86)\Microsoft Visual Studio\2017\Community\VC\Tools\MSVC\14.15.26726\include\vcruntime_new.h
  Note: including file:           C:\Program Files (x86)\Microsoft Visual Studio\2017\Community\VC\Tools\MSVC\14.15.26726\include\use_ansi.h
  Note: including file:          C:\Program Files (x86)\Microsoft Visual Studio\2017\Community\VC\Tools\MSVC\14.15.26726\include\limits.h
  Note: including file:         C:\Program Files (x86)\Microsoft Visual Studio\2017\Community\VC\Tools\MSVC\14.15.26726\include\cmath
  Note: including file:          C:\Program Files (x86)\Microsoft Visual Studio\2017\Community\VC\Tools\MSVC\14.15.26726\include\cstdlib
  Note: including file:           C:\Program Files (x86)\Windows Kits\10\Include\10.0.17134.0\ucrt\stdlib.h
  Note: including file:            C:\Program Files (x86)\Windows Kits\10\Include\10.0.17134.0\ucrt\corecrt_search.h
  Note: including file:            C:\Program Files (x86)\Windows Kits\10\Include\10.0.17134.0\ucrt\corecrt_wstdlib.h
  Note: including file:           C:\Program Files (x86)\Windows Kits\10\Include\10.0.17134.0\ucrt\math.h
  Note: including file:          C:\Program Files (x86)\Microsoft Visual Studio\2017\Community\VC\Tools\MSVC\14.15.26726\include\xtgmath.h
  Note: including file:           C:\Program Files (x86)\Microsoft Visual Studio\2017\Community\VC\Tools\MSVC\14.15.26726\include\xtr1common
  Note: including file:         C:\Program Files (x86)\Microsoft Visual Studio\2017\Community\VC\Tools\MSVC\14.15.26726\include\cstdio
  Note: including file:          C:\Program Files (x86)\Windows Kits\10\Include\10.0.17134.0\ucrt\stdio.h
  Note: including file:           C:\Program Files (x86)\Windows Kits\10\Include\10.0.17134.0\ucrt\corecrt_wstdio.h
  Note: including file:            C:\Program Files (x86)\Windows Kits\10\Include\10.0.17134.0\ucrt\corecrt_stdio_config.h
  Note: including file:         C:\Program Files (x86)\Microsoft Visual Studio\2017\Community\VC\Tools\MSVC\14.15.26726\include\streambuf
  Note: including file:          C:\Program Files (x86)\Microsoft Visual Studio\2017\Community\VC\Tools\MSVC\14.15.26726\include\xiosbase
  Note: including file:           C:\Program Files (x86)\Microsoft Visual Studio\2017\Community\VC\Tools\MSVC\14.15.26726\include\xlocale
  Note: including file:            C:\Program Files (x86)\Microsoft Visual Studio\2017\Community\VC\Tools\MSVC\14.15.26726\include\cstring
  Note: including file:             C:\Program Files (x86)\Windows Kits\10\Include\10.0.17134.0\ucrt\string.h
  Note: including file:              C:\Program Files (x86)\Windows Kits\10\Include\10.0.17134.0\ucrt\corecrt_memory.h
  Note: including file:               C:\Program Files (x86)\Windows Kits\10\Include\10.0.17134.0\ucrt\corecrt_memcpy_s.h
  Note: including file:                C:\Program Files (x86)\Windows Kits\10\Include\10.0.17134.0\ucrt\errno.h
  Note: including file:                C:\Program Files (x86)\Microsoft Visual Studio\2017\Community\VC\Tools\MSVC\14.15.26726\include\vcruntime_string.h
  Note: including file:              C:\Program Files (x86)\Windows Kits\10\Include\10.0.17134.0\ucrt\corecrt_wstring.h
  Note: including file:            C:\Program Files (x86)\Microsoft Visual Studio\2017\Community\VC\Tools\MSVC\14.15.26726\include\stdexcept
  Note: including file:             C:\Program Files (x86)\Microsoft Visual Studio\2017\Community\VC\Tools\MSVC\14.15.26726\include\exception
  Note: including file:              C:\Program Files (x86)\Microsoft Visual Studio\2017\Community\VC\Tools\MSVC\14.15.26726\include\type_traits
  Note: including file:               C:\Program Files (x86)\Microsoft Visual Studio\2017\Community\VC\Tools\MSVC\14.15.26726\include\xstddef
  Note: including file:                C:\Program Files (x86)\Microsoft Visual Studio\2017\Community\VC\Tools\MSVC\14.15.26726\include\cstddef
  Note: including file:                C:\Program Files (x86)\Microsoft Visual Studio\2017\Community\VC\Tools\MSVC\14.15.26726\include\initializer_list
  Note: including file:              C:\Program Files (x86)\Microsoft Visual Studio\2017\Community\VC\Tools\MSVC\14.15.26726\include\vcruntime_exception.h
  Note: including file:               C:\Program Files (x86)\Microsoft Visual Studio\2017\Community\VC\Tools\MSVC\14.15.26726\include\eh.h
  Note: including file:                C:\Program Files (x86)\Windows Kits\10\Include\10.0.17134.0\ucrt\corecrt_terminate.h
  Note: including file:             C:\Program Files (x86)\Microsoft Visual Studio\2017\Community\VC\Tools\MSVC\14.15.26726\include\xstring
  Note: including file:              C:\Program Files (x86)\Microsoft Visual Studio\2017\Community\VC\Tools\MSVC\14.15.26726\include\xmemory0
  Note: including file:               C:\Program Files (x86)\Microsoft Visual Studio\2017\Community\VC\Tools\MSVC\14.15.26726\include\cstdint
  Note: including file:                C:\Program Files (x86)\Microsoft Visual Studio\2017\Community\VC\Tools\MSVC\14.15.26726\include\stdint.h
  Note: including file:               C:\Program Files (x86)\Microsoft Visual Studio\2017\Community\VC\Tools\MSVC\14.15.26726\include\limits
  Note: including file:                C:\Program Files (x86)\Microsoft Visual Studio\2017\Community\VC\Tools\MSVC\14.15.26726\include\ymath.h
  Note: including file:                C:\Program Files (x86)\Microsoft Visual Studio\2017\Community\VC\Tools\MSVC\14.15.26726\include\cfloat
  Note: including file:                 C:\Program Files (x86)\Windows Kits\10\Include\10.0.17134.0\ucrt\float.h
  Note: including file:                C:\Program Files (x86)\Microsoft Visual Studio\2017\Community\VC\Tools\MSVC\14.15.26726\include\cwchar
  Note: including file:                 C:\Program Files (x86)\Windows Kits\10\Include\10.0.17134.0\ucrt\wchar.h
  Note: including file:                  C:\Program Files (x86)\Windows Kits\10\Include\10.0.17134.0\ucrt\corecrt_wconio.h
  Note: including file:                  C:\Program Files (x86)\Windows Kits\10\Include\10.0.17134.0\ucrt\corecrt_wctype.h
  Note: including file:                  C:\Program Files (x86)\Windows Kits\10\Include\10.0.17134.0\ucrt\corecrt_wdirect.h
  Note: including file:                  C:\Program Files (x86)\Windows Kits\10\Include\10.0.17134.0\ucrt\corecrt_wio.h
  Note: including file:                   C:\Program Files (x86)\Windows Kits\10\Include\10.0.17134.0\ucrt\corecrt_share.h
  Note: including file:                  C:\Program Files (x86)\Windows Kits\10\Include\10.0.17134.0\ucrt\corecrt_wtime.h
  Note: including file:                  C:\Program Files (x86)\Windows Kits\10\Include\10.0.17134.0\ucrt\sys/stat.h
  Note: including file:                   C:\Program Files (x86)\Windows Kits\10\Include\10.0.17134.0\ucrt\sys/types.h
  Note: including file:               C:\Program Files (x86)\Microsoft Visual Studio\2017\Community\VC\Tools\MSVC\14.15.26726\include\new
  Note: including file:               C:\Program Files (x86)\Microsoft Visual Studio\2017\Community\VC\Tools\MSVC\14.15.26726\include\xutility
  Note: including file:                C:\Program Files (x86)\Microsoft Visual Studio\2017\Community\VC\Tools\MSVC\14.15.26726\include\utility
  Note: including file:                 C:\Program Files (x86)\Microsoft Visual Studio\2017\Community\VC\Tools\MSVC\14.15.26726\include\iosfwd
  Note: including file:               C:\Program Files (x86)\Microsoft Visual Studio\2017\Community\VC\Tools\MSVC\14.15.26726\include\xatomic0.h
  Note: including file:            C:\Program Files (x86)\Microsoft Visual Studio\2017\Community\VC\Tools\MSVC\14.15.26726\include\typeinfo
  Note: including file:             C:\Program Files (x86)\Microsoft Visual Studio\2017\Community\VC\Tools\MSVC\14.15.26726\include\vcruntime_typeinfo.h
  Note: including file:            C:\Program Files (x86)\Microsoft Visual Studio\2017\Community\VC\Tools\MSVC\14.15.26726\include\xlocinfo
  Note: including file:             C:\Program Files (x86)\Microsoft Visual Studio\2017\Community\VC\Tools\MSVC\14.15.26726\include\xlocinfo.h
  Note: including file:              C:\Program Files (x86)\Windows Kits\10\Include\10.0.17134.0\ucrt\ctype.h
  Note: including file:              C:\Program Files (x86)\Windows Kits\10\Include\10.0.17134.0\ucrt\locale.h
  Note: including file:            C:\Program Files (x86)\Microsoft Visual Studio\2017\Community\VC\Tools\MSVC\14.15.26726\include\memory
  Note: including file:             C:\Program Files (x86)\Microsoft Visual Studio\2017\Community\VC\Tools\MSVC\14.15.26726\include\xmemory
  Note: including file:            C:\Program Files (x86)\Microsoft Visual Studio\2017\Community\VC\Tools\MSVC\14.15.26726\include\xfacet
  Note: including file:           C:\Program Files (x86)\Microsoft Visual Studio\2017\Community\VC\Tools\MSVC\14.15.26726\include\system_error
  Note: including file:            C:\Program Files (x86)\Microsoft Visual Studio\2017\Community\VC\Tools\MSVC\14.15.26726\include\cerrno
  Note: including file:            C:\Program Files (x86)\Microsoft Visual Studio\2017\Community\VC\Tools\MSVC\14.15.26726\include\xcall_once.h
  Note: including file:            C:\Program Files (x86)\Microsoft Visual Studio\2017\Community\VC\Tools\MSVC\14.15.26726\include\xerrc.h
  Note: including file:           C:\Program Files (x86)\Windows Kits\10\Include\10.0.17134.0\ucrt\share.h
  Note: including file:    C:\Program Files (x86)\Microsoft Visual Studio\2017\Community\VC\Tools\MSVC\14.15.26726\include\string
  Note: including file:     C:\Program Files (x86)\Microsoft Visual Studio\2017\Community\VC\Tools\MSVC\14.15.26726\include\xstring_insert.h
  Note: including file:    C:\Program Files (x86)\Microsoft Visual Studio\2017\Community\VC\Tools\MSVC\14.15.26726\include\fstream
h:\capstone\isleofluna(editable)\archonengine\core\debug.h(43): warning C4522: 'core::Debug': multiple assignment operators specified
  Note: including file:   h:\capstone\isleofluna(editable)\archonengine\systems\System.h
  Note: including file:  h:\capstone\isleofluna(editable)\archonengine\core\Timer.h
h:\capstone\isleofluna(editable)\archonengine\core\timer.h(30): warning C4522: 'core::Timer': multiple assignment operators specified
  Note: including file:  h:\capstone\isleofluna(editable)\archonengine\core\GameInterface.h
  Note: including file:  h:\capstone\isleofluna(editable)\archonengine\core\Scene.h
  Note: including file:   C:\Program Files (x86)\Microsoft Visual Studio\2017\Community\VC\Tools\MSVC\14.15.26726\include\vector
  Note: including file:   h:\capstone\isleofluna(editable)\archonengine\core\../Math/Matrix.h
  Note: including file:    h:\capstone\isleofluna(editable)\archonengine\math\Vector.h
  Note: including file:   h:\capstone\isleofluna(editable)\archonengine\core\ArchonEngine.h
  Note: including file:  h:\capstone\isleofluna(editable)\archonengine\core\../Graphics/ShaderHandler.h
  Note: including file:   C:\Program Files (x86)\Microsoft Visual Studio\2017\Community\VC\Tools\MSVC\14.15.26726\include\sstream
  Note: including file:   C:\Program Files (x86)\Microsoft Visual Studio\2017\Community\VC\Tools\MSVC\14.15.26726\include\map
  Note: including file:    C:\Program Files (x86)\Microsoft Visual Studio\2017\Community\VC\Tools\MSVC\14.15.26726\include\tuple
  Note: including file:    C:\Program Files (x86)\Microsoft Visual Studio\2017\Community\VC\Tools\MSVC\14.15.26726\include\xtree
  Note: including file:  h:\capstone\isleofluna(editable)\archonengine\core\../Systems/InputSystem.h
  Note: including file:  h:\capstone\isleofluna(editable)\archonengine\core\../Systems/SystemManager.h
  Note: including file:   h:\capstone\isleofluna(editable)\archonengine\systems\..\Managers\Manager.h
  Note: including file:  h:\capstone\isleofluna(editable)\archonengine\core\../Camera/Camera.h
  Note: including file:   H:\Capstone\IsleOfLuna(editable)\SDK_Source\OpenGL\include\glm/glm.hpp
  Note: including file:    h:\capstone\isleofluna(editable)\sdk_source\opengl\include\glm\detail/_fixes.hpp
  Note: including file:    C:\Program Files (x86)\Microsoft Visual Studio\2017\Community\VC\Tools\MSVC\14.15.26726\include\cassert
  Note: including file:     C:\Program Files (x86)\Windows Kits\10\Include\10.0.17134.0\ucrt\assert.h
  Note: including file:    h:\capstone\isleofluna(editable)\sdk_source\opengl\include\glm\fwd.hpp
  Note: including file:     h:\capstone\isleofluna(editable)\sdk_source\opengl\include\glm\detail/type_int.hpp
  Note: including file:      h:\capstone\isleofluna(editable)\sdk_source\opengl\include\glm\detail\setup.hpp
  Note: including file:       C:\Program Files (x86)\Microsoft Visual Studio\2017\Community\VC\Tools\MSVC\14.15.26726\include\cassert
  Note: including file:        C:\Program Files (x86)\Windows Kits\10\Include\10.0.17134.0\ucrt\assert.h
  Note: including file:     h:\capstone\isleofluna(editable)\sdk_source\opengl\include\glm\detail/type_float.hpp
  Note: including file:     h:\capstone\isleofluna(editable)\sdk_source\opengl\include\glm\detail/type_vec.hpp
  Note: including file:      h:\capstone\isleofluna(editable)\sdk_source\opengl\include\glm\detail\precision.hpp
  Note: including file:     h:\capstone\isleofluna(editable)\sdk_source\opengl\include\glm\detail/type_mat.hpp
  Note: including file:    h:\capstone\isleofluna(editable)\sdk_source\opengl\include\glm\vec2.hpp
  Note: including file:     h:\capstone\isleofluna(editable)\sdk_source\opengl\include\glm\detail/type_vec2.hpp
  Note: including file:      h:\capstone\isleofluna(editable)\sdk_source\opengl\include\glm\detail\type_vec2.inl
  Note: including file:    h:\capstone\isleofluna(editable)\sdk_source\opengl\include\glm\vec3.hpp
  Note: including file:     h:\capstone\isleofluna(editable)\sdk_source\opengl\include\glm\detail/type_vec3.hpp
  Note: including file:      h:\capstone\isleofluna(editable)\sdk_source\opengl\include\glm\detail\type_vec3.inl
  Note: including file:    h:\capstone\isleofluna(editable)\sdk_source\opengl\include\glm\vec4.hpp
  Note: including file:     h:\capstone\isleofluna(editable)\sdk_source\opengl\include\glm\detail/type_vec4.hpp
  Note: including file:      h:\capstone\isleofluna(editable)\sdk_source\opengl\include\glm\detail\type_vec4.inl
  Note: including file:       h:\capstone\isleofluna(editable)\sdk_source\opengl\include\glm\detail\type_vec4_sse2.inl
  Note: including file:    h:\capstone\isleofluna(editable)\sdk_source\opengl\include\glm\mat2x2.hpp
  Note: including file:     h:\capstone\isleofluna(editable)\sdk_source\opengl\include\glm\detail/type_mat2x2.hpp
  Note: including file:      h:\capstone\isleofluna(editable)\sdk_source\opengl\include\glm\detail\type_mat2x2.inl
  Note: including file:    h:\capstone\isleofluna(editable)\sdk_source\opengl\include\glm\mat2x3.hpp
  Note: including file:     h:\capstone\isleofluna(editable)\sdk_source\opengl\include\glm\detail/type_mat2x3.hpp
  Note: including file:      h:\capstone\isleofluna(editable)\sdk_source\opengl\include\glm\detail\type_mat2x3.inl
  Note: including file:    h:\capstone\isleofluna(editable)\sdk_source\opengl\include\glm\mat2x4.hpp
  Note: including file:     h:\capstone\isleofluna(editable)\sdk_source\opengl\include\glm\detail/type_mat2x4.hpp
  Note: including file:      h:\capstone\isleofluna(editable)\sdk_source\opengl\include\glm\detail\type_mat2x4.inl
  Note: including file:    h:\capstone\isleofluna(editable)\sdk_source\opengl\include\glm\mat3x2.hpp
  Note: including file:     h:\capstone\isleofluna(editable)\sdk_source\opengl\include\glm\detail/type_mat3x2.hpp
  Note: including file:      h:\capstone\isleofluna(editable)\sdk_source\opengl\include\glm\detail\type_mat3x2.inl
  Note: including file:    h:\capstone\isleofluna(editable)\sdk_source\opengl\include\glm\mat3x3.hpp
  Note: including file:     h:\capstone\isleofluna(editable)\sdk_source\opengl\include\glm\detail/type_mat3x3.hpp
  Note: including file:      h:\capstone\isleofluna(editable)\sdk_source\opengl\include\glm\detail\type_mat3x3.inl
  Note: including file:    h:\capstone\isleofluna(editable)\sdk_source\opengl\include\glm\mat3x4.hpp
  Note: including file:     h:\capstone\isleofluna(editable)\sdk_source\opengl\include\glm\detail/type_mat3x4.hpp
  Note: including file:      h:\capstone\isleofluna(editable)\sdk_source\opengl\include\glm\detail\type_mat3x4.inl
  Note: including file:    h:\capstone\isleofluna(editable)\sdk_source\opengl\include\glm\mat4x2.hpp
  Note: including file:     h:\capstone\isleofluna(editable)\sdk_source\opengl\include\glm\detail/type_mat4x2.hpp
  Note: including file:      h:\capstone\isleofluna(editable)\sdk_source\opengl\include\glm\detail\type_mat4x2.inl
  Note: including file:    h:\capstone\isleofluna(editable)\sdk_source\opengl\include\glm\mat4x3.hpp
  Note: including file:     h:\capstone\isleofluna(editable)\sdk_source\opengl\include\glm\detail/type_mat4x3.hpp
  Note: including file:      h:\capstone\isleofluna(editable)\sdk_source\opengl\include\glm\detail\type_mat4x3.inl
  Note: including file:    h:\capstone\isleofluna(editable)\sdk_source\opengl\include\glm\mat4x4.hpp
  Note: including file:     h:\capstone\isleofluna(editable)\sdk_source\opengl\include\glm\detail/type_mat4x4.hpp
  Note: including file:      h:\capstone\isleofluna(editable)\sdk_source\opengl\include\glm\detail\type_mat4x4.inl
  Note: including file:    h:\capstone\isleofluna(editable)\sdk_source\opengl\include\glm\trigonometric.hpp
  Note: including file:     h:\capstone\isleofluna(editable)\sdk_source\opengl\include\glm\detail/func_trigonometric.hpp
  Note: including file:      h:\capstone\isleofluna(editable)\sdk_source\opengl\include\glm\detail\func_trigonometric.inl
  Note: including file:       h:\capstone\isleofluna(editable)\sdk_source\opengl\include\glm\detail\_vectorize.hpp
  Note: including file:        h:\capstone\isleofluna(editable)\sdk_source\opengl\include\glm\detail\type_vec1.hpp
  Note: including file:         h:\capstone\isleofluna(editable)\sdk_source\opengl\include\glm\detail\type_vec1.inl
  Note: including file:    h:\capstone\isleofluna(editable)\sdk_source\opengl\include\glm\exponential.hpp
  Note: including file:     h:\capstone\isleofluna(editable)\sdk_source\opengl\include\glm\detail/func_exponential.hpp
  Note: including file:      h:\capstone\isleofluna(editable)\sdk_source\opengl\include\glm\detail\func_exponential.inl
  Note: including file:       h:\capstone\isleofluna(editable)\sdk_source\opengl\include\glm\detail\func_vector_relational.hpp
  Note: including file:        h:\capstone\isleofluna(editable)\sdk_source\opengl\include\glm\detail\func_vector_relational.inl
  Note: including file:       C:\Program Files (x86)\Microsoft Visual Studio\2017\Community\VC\Tools\MSVC\14.15.26726\include\cassert
  Note: including file:        C:\Program Files (x86)\Windows Kits\10\Include\10.0.17134.0\ucrt\assert.h
  Note: including file:    h:\capstone\isleofluna(editable)\sdk_source\opengl\include\glm\common.hpp
  Note: including file:     h:\capstone\isleofluna(editable)\sdk_source\opengl\include\glm\detail/func_common.hpp
  Note: including file:      h:\capstone\isleofluna(editable)\sdk_source\opengl\include\glm\detail\_fixes.hpp
  Note: including file:      h:\capstone\isleofluna(editable)\sdk_source\opengl\include\glm\detail\func_common.inl
  Note: including file:    h:\capstone\isleofluna(editable)\sdk_source\opengl\include\glm\packing.hpp
  Note: including file:     h:\capstone\isleofluna(editable)\sdk_source\opengl\include\glm\detail/func_packing.hpp
  Note: including file:      h:\capstone\isleofluna(editable)\sdk_source\opengl\include\glm\detail\func_packing.inl
  Note: including file:       h:\capstone\isleofluna(editable)\sdk_source\opengl\include\glm\detail\type_half.hpp
  Note: including file:        h:\capstone\isleofluna(editable)\sdk_source\opengl\include\glm\detail\type_half.inl
  Note: including file:    h:\capstone\isleofluna(editable)\sdk_source\opengl\include\glm\geometric.hpp
  Note: including file:     h:\capstone\isleofluna(editable)\sdk_source\opengl\include\glm\detail/func_geometric.hpp
  Note: including file:      h:\capstone\isleofluna(editable)\sdk_source\opengl\include\glm\detail\func_geometric.inl
  Note: including file:    h:\capstone\isleofluna(editable)\sdk_source\opengl\include\glm\matrix.hpp
  Note: including file:     h:\capstone\isleofluna(editable)\sdk_source\opengl\include\glm\detail/func_matrix.hpp
  Note: including file:      h:\capstone\isleofluna(editable)\sdk_source\opengl\include\glm\detail\func_matrix.inl
  Note: including file:    h:\capstone\isleofluna(editable)\sdk_source\opengl\include\glm\vector_relational.hpp
  Note: including file:    h:\capstone\isleofluna(editable)\sdk_source\opengl\include\glm\integer.hpp
  Note: including file:     h:\capstone\isleofluna(editable)\sdk_source\opengl\include\glm\detail/func_integer.hpp
  Note: including file:      h:\capstone\isleofluna(editable)\sdk_source\opengl\include\glm\detail\func_integer.inl
  Note: including file:   H:\Capstone\IsleOfLuna(editable)\SDK_Source\OpenGL\include\glm/gtc/matrix_transform.hpp
  Note: including file:    h:\capstone\isleofluna(editable)\sdk_source\opengl\include\glm\gtc\../gtc/constants.hpp
  Note: including file:     h:\capstone\isleofluna(editable)\sdk_source\opengl\include\glm\gtc\constants.inl
  Note: including file:    h:\capstone\isleofluna(editable)\sdk_source\opengl\include\glm\gtc\matrix_transform.inl
  Note: including file: C:\Program Files (x86)\Microsoft Visual Studio\2017\Community\VC\Tools\MSVC\14.15.26726\include\cassert
  Note: including file:  C:\Program Files (x86)\Windows Kits\10\Include\10.0.17134.0\ucrt\assert.h
SDL2_image.lib(SDL2_image.dll) : warning LNK4006: __NULL_IMPORT_DESCRIPTOR already defined in SDL2.lib(SDL2.dll); second definition ignored
SDL2_image.lib(SDL2_image.dll) : warning LNK4221: This object file does not define any previously undefined public symbols, so it will not be used by any link operation that consumes this library
SDL2_mixer.lib(SDL2_mixer.dll) : warning LNK4006: __NULL_IMPORT_DESCRIPTOR already defined in SDL2.lib(SDL2.dll); second definition ignored
SDL2_mixer.lib(SDL2_mixer.dll) : warning LNK4221: This object file does not define any previously undefined public symbols, so it will not be used by any link operation that consumes this library
glew32.lib(glew32.dll) : warning LNK4006: __NULL_IMPORT_DESCRIPTOR already defined in SDL2.lib(SDL2.dll); second definition ignored
glew32.lib(glew32.dll) : warning LNK4221: This object file does not define any previously undefined public symbols, so it will not be used by any link operation that consumes this library
  ArchonEngine.vcxproj -> H:\Capstone\IsleOfLuna(editable)\Debug\ArchonEngine.lib
