h:\capstone\isleofluna(editable)\game\debug\vc141.pdb
h:\capstone\isleofluna(editable)\game\debug\vc141.idb
h:\capstone\isleofluna(editable)\game\debug\mainmenu.obj
h:\capstone\isleofluna(editable)\game\debug\mainscene.obj
h:\capstone\isleofluna(editable)\game\debug\mainmenubackground.obj
h:\capstone\isleofluna(editable)\game\debug\main.obj
h:\capstone\isleofluna(editable)\debug\game.pdb
h:\capstone\isleofluna(editable)\game\debug\game.tlog\cl.command.1.tlog
h:\capstone\isleofluna(editable)\game\debug\game.tlog\cl.read.1.tlog
h:\capstone\isleofluna(editable)\game\debug\game.tlog\cl.write.1.tlog
h:\capstone\isleofluna(editable)\game\debug\game.tlog\link-cvtres.read.1.tlog
h:\capstone\isleofluna(editable)\game\debug\game.tlog\link-cvtres.write.1.tlog
h:\capstone\isleofluna(editable)\game\debug\game.tlog\link-rc.read.1.tlog
h:\capstone\isleofluna(editable)\game\debug\game.tlog\link-rc.write.1.tlog
h:\capstone\isleofluna(editable)\game\debug\game.tlog\link.1372-cvtres.read.1.tlog
h:\capstone\isleofluna(editable)\game\debug\game.tlog\link.1372-cvtres.write.1.tlog
h:\capstone\isleofluna(editable)\game\debug\game.tlog\link.1372-rc.read.1.tlog
h:\capstone\isleofluna(editable)\game\debug\game.tlog\link.1372-rc.write.1.tlog
h:\capstone\isleofluna(editable)\game\debug\game.tlog\link.1372.read.1.tlog
h:\capstone\isleofluna(editable)\game\debug\game.tlog\link.1372.write.1.tlog
h:\capstone\isleofluna(editable)\game\debug\game.tlog\link.command.1.tlog
h:\capstone\isleofluna(editable)\game\debug\game.tlog\link.read.1.tlog
h:\capstone\isleofluna(editable)\game\debug\game.tlog\link.write.1.tlog
